<?xml version="1.0" encoding="UTF-8"?>
<testng-results ignored="0" total="1" passed="1" failed="0" skipped="0">
  <reporter-output>
  </reporter-output>
  <suite started-at="2022-12-06T10:10:07 IST" name="Default suite" finished-at="2022-12-06T10:10:16 IST" duration-ms="9344">
    <groups>
    </groups>
    <test started-at="2022-12-06T10:10:07 IST" name="Default test" finished-at="2022-12-06T10:10:16 IST" duration-ms="9344">
      <class name="jira.chain.CreateJiraRequest">
        <test-method is-config="true" signature="setup()[pri:0, instance:jira.chain.CreateJiraRequest@152aa092]" started-at="2022-12-06T10:10:07 IST" name="setup" finished-at="2022-12-06T10:10:09 IST" duration-ms="1742" status="PASS">
          <reporter-output>
          </reporter-output>
        </test-method> <!-- setup -->
        <test-method signature="createJiraRequest()[pri:0, instance:jira.chain.CreateJiraRequest@152aa092]" started-at="2022-12-06T10:10:09 IST" name="createJiraRequest" finished-at="2022-12-06T10:10:16 IST" duration-ms="7485" status="PASS">
          <reporter-output>
          </reporter-output>
        </test-method> <!-- createJiraRequest -->
        <test-method is-config="true" signature="responseLog()[pri:0, instance:jira.chain.CreateJiraRequest@152aa092]" started-at="2022-12-06T10:10:16 IST" name="responseLog" finished-at="2022-12-06T10:10:16 IST" duration-ms="1" status="PASS">
          <reporter-output>
          </reporter-output>
        </test-method> <!-- responseLog -->
      </class> <!-- jira.chain.CreateJiraRequest -->
    </test> <!-- Default test -->
  </suite> <!-- Default suite -->
</testng-results>
